   1                             	
   2                             	///************************************************************************************************
   3                             	//* DISCLAIMER
   4                             	//* This software is supplied by Renesas Electronics Corporation and is only intended for use with 
   5                             	//* No other uses are authorized. This software is owned by Renesas Electronics Corporation and is 
   6                             	//* applicable laws, including copyright laws. 
   7                             	//* THIS SOFTWARE IS PROVIDED "AS IS" AND RENESAS MAKES NO WARRANTIESREGARDING THIS SOFTWARE, WHETH
   8                             	//* OR STATUTORY, INCLUDING BUT NOT LIMITED TO WARRANTIES OF MERCHANTABILITY, FITNESS FOR A PARTICU
   9                             	//* NON-INFRINGEMENT.  ALL SUCH WARRANTIES ARE EXPRESSLY DISCLAIMED.TO THE MAXIMUM EXTENT PERMITTED
  10                             	//* LAW, NEITHER RENESAS ELECTRONICS CORPORATION NOR ANY OF ITS AFFILIATED COMPANIES SHALL BE LIABL
  11                             	//* INDIRECT, SPECIAL, INCIDENTAL OR CONSEQUENTIAL DAMAGES FOR ANY REASON RELATED TO THIS SOFTWARE,
  12                             	//* ITS AFFILIATES HAVE BEEN ADVISED OF THE POSSIBILITY OF SUCH DAMAGES.
  13                             	//* Renesas reserves the right, without notice, to make changes to this software and to discontinue
  14                             	//* of this software. By using this software, you agree to the additional terms and conditions foun
  15                             	//* following link:
  16                             	//* http://www.renesas.com/disclaimer
  17                             	//*
  18                             	//* Copyright (C) 2011, 2017 Renesas Electronics Corporation. All rights reserved.
  19                             	//*************************************************************************************************
  20                             	
  21                             	///*
  22                             	//*************************************************************************************************
  23                             	//* File Name    : r_reset_program.asm
  24                             	//* Version      : Applilet3 for RL78/G14 V2.05.01.05 [10 Nov 2017]
  25                             	//* Device(s)    : R5F104BC
  26                             	//* Tool-Chain   : gccrl78
  27                             	//* Description  : This is start up file for RL78.
  28                             	//* Creation Date: 6/25/2018
  29                             	//*************************************************************************************************
  30                             	//*/
  31                             	
  32                             		/*reset_program.asm*/
  33                             	
  34                             		.list
  35                             	
  36                             		.global _PowerON_Reset  /*! global Start routine */
  37 ???? 00 00                   		.short _PowerON_Reset
  38                             	
  39                             		.extern _HardwareSetup /*! external Sub-routine to initialise Hardware*/
  40                             		.extern _data
  41                             		.extern _mdata
  42                             		.extern _ebss
  43                             		.extern _bss
  44                             		
  45                             		.extern _edata
  46                             		.extern _main 
  47                             		.extern _stack
  48                             		.extern _exit
  49                             	
  50                             		/*  ;; HL = start of list
  51                             	        ;; DE = end of list
  52                             	        ;; BC = step direction (+2 or -2)
  53                             		*/
  54                             		
  55                             		.text
  56                             	
  57                             	/* call to _PowerON_Reset */
  58                             	_PowerON_Reset:
  59                             	/* initialise user stack pointer */
  60 ???? CB F8 00 00             		movw sp,#_stack /* Set stack pointer */
  61                             	
  62                             	
  63                             	/* load data section from ROM to RAM */	
  64                             	;; block move to initialize .data
  65                             	
  66                             	        ;; we're copying from 00:[_romdatastart] to 0F:[_datastart]
  67                             	        ;; and our data is not in the mirrored area.
  68 ???? 41 00                   	    mov     es, #0
  69 ???? 61 CF                   	    sel     rb0         /*  ;;bank 0 */
  70 ???? 34 00 00                	    movw    de, #_mdata	/* src ROM address of data section in de */
  71 ???? 36 00 00                	    movw    hl, #_data 	/* dest start RAM address of data section in hl */
  72                             			
  73 ???? 61 DF                   	    sel     rb1              /* bank 1 */
  74 ???? 36 00 00                	    movw    hl, #_data 	/* dest start RAM address of data section in hl */
  75 ???? 30 00 00                	    movw    ax, #_edata   /*    ;; size of romdata section in ax */
  76 ???? 27                      	    subw    ax,hl  		/* store data size */
  77 ???? 31 1E                   	    shrw	ax,1
  78                             	1:
  79 ???? 44 00 00                	    cmpw    ax, #0		   /* check if end of data */
  80 ???? DD 00                   	    bz      $1f
  81 ???? B1                      	    decw    ax
  82 ???? 61 CF                   	    sel     rb0             /* bank 0 */
  83 ???? 11 A9                   	    movw    ax, es:[de]
  84 ???? BB                      	    movw    [hl], ax
  85 ???? A5                      	    incw    de
  86 ???? A5                      	    incw	de
  87 ???? A7                      	    incw    hl
  88 ???? A7                      		incw	hl
  89 ???? 61 DF                   	    sel     rb1         /* bank 1  -  compare and decrement*/
  90 ???? EF 00                   	    br      $1b
  91                             	1:
  92                             	
  93                             		
  94                             	/* bss initialisation : zero out bss */
  95 ???? 61 CF                   	    sel     rb0         /* bank 0 */
  96 ???? 36 00 00                	    movw    hl, #_bss  	/* store the start address of bss in hl */
  97 ???? 30 00 00                	    movw    ax, #0		/* load AX reg with zero */
  98 ???? 61 DF                   	    sel     rb1         /* bank 1 */
  99 ???? 30 00 00                	    movw    ax, #_ebss  /* store the end address (size of) bss section in ax */
 100 ???? 27                      	    subw    ax,hl ;; store data size
 101 ???? 31 1E                   	    shrw    ax,1
 102                             	1:
 103 ???? 44 00 00                	    cmpw    ax, #0
 104 ???? DD 00                   	    bz      $1f
 105 ???? B1                      	    decw    ax
 106 ???? 61 CF                   	    sel     rb0         /* bank 0 */
 107 ???? BB                      	    movw    [hl], ax
 108 ???? A7                      	    incw    hl
 109 ???? A7                      	    incw	hl
 110 ???? 61 DF                   	    sel     rb1
 111 ???? EF 00                   	    br      $1b
 112                             	1:
 113 ???? 61 CF                   	    sel     rb0             /* bank 0 */
 114                             	
 115                             	/* call the hardware initialiser */
 116 ???? FC 00 00 00             		call	!!_HardwareSetup
 117 ???? 00                      		nop
 118                             	
 119                             	
 120                             	/* start user program */
 121                             	
 122 ???? 30 00 00                	    movw    ax, #0
 123 ???? C1                      	    push    ax      /* envp */
 124 ???? C1                      	    push    ax      /* argv */
 125 ???? C1                      	    push    ax      /* argc */
 126 ???? FC 00 00 00             	    call	!!_main
 127                             	
 128                             	
 129                             	/* call to exit*/
 130                             	_exit:
 131 ???? EF 00                   	     br	$_exit
 132                             	
 133                             		.end
DEFINED SYMBOLS
..\Iveco_WL_BSS\SW_Platform\Config\src\r_reset_program.asm:58     .text:00000000 _PowerON_Reset
..\Iveco_WL_BSS\SW_Platform\Config\src\r_reset_program.asm:130    .text:00000000 _exit

UNDEFINED SYMBOLS
__rl78_abs__
_stack
_mdata
_data
_edata
_bss
_ebss
_HardwareSetup
_main
